Using pre-set license
Built from '2020.3/staging' branch; Version is '2020.3.16f1 (049d6eca3c44) revision 302446'; Using compiler version '192528614'; Build Type 'Release'
OS: 'Windows 10 Education; OS build 19043.1566; Version 2009; 64bit' Language: 'sv' Physical Memory: 8006 MB
BatchMode: 1, IsHumanControllingUs: 0, StartBugReporterOnCrash: 0, Is64bit: 1, IsPro: 0

 COMMAND LINE ARGUMENTS:
C:\Program Files\Unity\Hub\Editor\2020.3.16f1\Editor\Unity.exe
-adb2
-batchMode
-noUpm
-name
AssetImportWorker0
-projectPath
C:/MapTest
-logFile
Logs/AssetImportWorker0.log
-srvPort
58806
Successfully changed project path to: C:/MapTest
C:/MapTest
Using Asset Import Pipeline V2.
Refreshing native plugins compatible for Editor in 67.15 ms, found 2 plugins.
Preloading 0 native plugins for Editor in 0.00 ms.
Initialize engine version: 2020.3.16f1 (049d6eca3c44)
[Subsystems] Discovering subsystems at path C:/Program Files/Unity/Hub/Editor/2020.3.16f1/Editor/Data/Resources/UnitySubsystems
[Subsystems] Discovering subsystems at path C:/MapTest/Assets
GfxDevice: creating device client; threaded=0
Direct3D:
    Version:  Direct3D 11.0 [level 11.1]
    Renderer: Intel(R) UHD Graphics 620 (ID=0x3ea0)
    Vendor:   
    VRAM:     4003 MB
    Driver:   30.0.100.9864
Initialize mono
Mono path[0] = 'C:/Program Files/Unity/Hub/Editor/2020.3.16f1/Editor/Data/Managed'
Mono path[1] = 'C:/Program Files/Unity/Hub/Editor/2020.3.16f1/Editor/Data/MonoBleedingEdge/lib/mono/unityjit'
Mono config path = 'C:/Program Files/Unity/Hub/Editor/2020.3.16f1/Editor/Data/MonoBleedingEdge/etc'
Using monoOptions --debugger-agent=transport=dt_socket,embedding=1,server=y,suspend=n,address=127.0.0.1:56072
Begin MonoManager ReloadAssembly
Registering precompiled unity dll's ...
Register platform support module: C:/Program Files/Unity/Hub/Editor/2020.3.16f1/Editor/Data/PlaybackEngines/WebGLSupport/UnityEditor.WebGL.Extensions.dll
Register platform support module: C:/Program Files/Unity/Hub/Editor/2020.3.16f1/Editor/Data/PlaybackEngines/WindowsStandaloneSupport/UnityEditor.WindowsStandalone.Extensions.dll
Registered in 0.006846 seconds.
Native extension for WindowsStandalone target not found
Native extension for WebGL target not found
Refreshing native plugins compatible for Editor in 95.71 ms, found 2 plugins.
Preloading 0 native plugins for Editor in 0.00 ms.
Mono: successfully reloaded assembly
- Completed reload, in  4.053 seconds
Domain Reload Profiling:
	ReloadAssembly (4054ms)
		BeginReloadAssembly (290ms)
			ExecutionOrderSort (0ms)
			DisableScriptedObjects (0ms)
			BackupInstance (0ms)
			ReleaseScriptingObjects (0ms)
			CreateAndSetChildDomain (4ms)
		EndReloadAssembly (1321ms)
			LoadAssemblies (277ms)
			RebuildTransferFunctionScriptingTraits (0ms)
			SetupTypeCache (579ms)
			ReleaseScriptCaches (0ms)
			RebuildScriptCaches (80ms)
			SetupLoadedEditorAssemblies (426ms)
				LogAssemblyErrors (0ms)
				InitializePlatformSupportModulesInManaged (13ms)
				SetLoadedEditorAssemblies (1ms)
				RefreshPlugins (96ms)
				BeforeProcessingInitializeOnLoad (48ms)
				ProcessInitializeOnLoadAttributes (194ms)
				ProcessInitializeOnLoadMethodAttributes (74ms)
				AfterProcessingInitializeOnLoad (0ms)
				EditorAssembliesLoaded (1ms)
			ExecutionOrderSort2 (0ms)
			AwakeInstancesAfterBackupRestoration (0ms)
Platform modules already initialized, skipping
Registering precompiled user dll's ...
Registered in 0.009498 seconds.
Begin MonoManager ReloadAssembly
Native extension for WindowsStandalone target not found
Native extension for WebGL target not found
Refreshing native plugins compatible for Editor in 0.68 ms, found 2 plugins.
Preloading 0 native plugins for Editor in 0.00 ms.
Mono: successfully reloaded assembly
- Completed reload, in  3.138 seconds
Domain Reload Profiling:
	ReloadAssembly (3141ms)
		BeginReloadAssembly (339ms)
			ExecutionOrderSort (0ms)
			DisableScriptedObjects (9ms)
			BackupInstance (0ms)
			ReleaseScriptingObjects (0ms)
			CreateAndSetChildDomain (42ms)
		EndReloadAssembly (2624ms)
			LoadAssemblies (193ms)
			RebuildTransferFunctionScriptingTraits (0ms)
			SetupTypeCache (867ms)
			ReleaseScriptCaches (1ms)
			RebuildScriptCaches (129ms)
			SetupLoadedEditorAssemblies (1087ms)
				LogAssemblyErrors (0ms)
				InitializePlatformSupportModulesInManaged (16ms)
				SetLoadedEditorAssemblies (1ms)
				RefreshPlugins (1ms)
				BeforeProcessingInitializeOnLoad (207ms)
				ProcessInitializeOnLoadAttributes (812ms)
				ProcessInitializeOnLoadMethodAttributes (17ms)
				AfterProcessingInitializeOnLoad (31ms)
				EditorAssembliesLoaded (1ms)
			ExecutionOrderSort2 (0ms)
			AwakeInstancesAfterBackupRestoration (38ms)
Platform modules already initialized, skipping
========================================================================
Worker process is ready to serve import requests
Launched and connected shader compiler UnityShaderCompiler.exe after 0.20 seconds
Refreshing native plugins compatible for Editor in 0.67 ms, found 2 plugins.
Preloading 0 native plugins for Editor in 0.00 ms.
Unloading 1458 Unused Serialized files (Serialized files now loaded: 0)
System memory in use before: 68.6 MB.
System memory in use after: 68.7 MB.

Unloading 18 unused Assets to reduce memory usage. Loaded Objects now: 1894.
Total: 6.703800 ms (FindLiveObjects: 0.401800 ms CreateObjectMapping: 0.200800 ms MarkObjects: 5.957500 ms  DeleteObjects: 0.141300 ms)

AssetImportParameters requested are different than current active one (requested -> active):
  custom:framework-win-MediaFoundation: 216162199b28c13a410421893ffa2e32 -> 
  custom:video-decoder-ogg-theora: a1e56fd34408186e4bbccfd4996cb3dc -> 
  custom:container-muxer-webm: aa71ff27fc2769a1b78a27578f13a17b -> 
  custom:container-demuxer-webm: 4f35f7cbe854078d1ac9338744f61a02 -> 
  custom:container-demuxer-ogg: 62fdf1f143b41e24485cea50d1cbac27 -> 
  custom:video-encoder-webm-vp8: eb34c28f22e8b96e1ab97ce403110664 -> 
  custom:video-decoder-webm-vp8: 9c59270c3fd7afecdb556c50c9e8de78 -> 
  custom:audio-decoder-ogg-vorbis: bf7c407c2cedff20999df2af8eb42d56 -> 
  custom:audio-encoder-webm-vorbis: bf7c407c2cedff20999df2af8eb42d56 -> 
========================================================================
Received Import Request.
  path: Assets/My_Scenes
  artifactKey: Guid(bde97195b31c5ab4bb4f6395abefeaca) Importer(815301076,1909f56bfc062723c751e8b465ee728b)
Start importing Assets/My_Scenes using Guid(bde97195b31c5ab4bb4f6395abefeaca) Importer(815301076,1909f56bfc062723c751e8b465ee728b)  -> (artifact id: '5602f8c4f6a67db3edfbc50494f5524c') in 0.024792 seconds 
  Import took 0.032040 seconds .

========================================================================
Received Prepare
Registering precompiled user dll's ...
Registered in 0.011129 seconds.
Begin MonoManager ReloadAssembly
Native extension for WindowsStandalone target not found
Native extension for WebGL target not found
Refreshing native plugins compatible for Editor in 0.67 ms, found 2 plugins.
Preloading 0 native plugins for Editor in 0.00 ms.
Mono: successfully reloaded assembly
- Completed reload, in  2.856 seconds
Domain Reload Profiling:
	ReloadAssembly (2857ms)
		BeginReloadAssembly (209ms)
			ExecutionOrderSort (0ms)
			DisableScriptedObjects (7ms)
			BackupInstance (0ms)
			ReleaseScriptingObjects (0ms)
			CreateAndSetChildDomain (62ms)
		EndReloadAssembly (2529ms)
			LoadAssemblies (162ms)
			RebuildTransferFunctionScriptingTraits (0ms)
			SetupTypeCache (827ms)
			ReleaseScriptCaches (3ms)
			RebuildScriptCaches (119ms)
			SetupLoadedEditorAssemblies (1073ms)
				LogAssemblyErrors (0ms)
				InitializePlatformSupportModulesInManaged (16ms)
				SetLoadedEditorAssemblies (1ms)
				RefreshPlugins (1ms)
				BeforeProcessingInitializeOnLoad (203ms)
				ProcessInitializeOnLoadAttributes (827ms)
				ProcessInitializeOnLoadMethodAttributes (8ms)
				AfterProcessingInitializeOnLoad (17ms)
				EditorAssembliesLoaded (1ms)
			ExecutionOrderSort2 (0ms)
			AwakeInstancesAfterBackupRestoration (17ms)
Platform modules already initialized, skipping
Refreshing native plugins compatible for Editor in 1.01 ms, found 2 plugins.
Preloading 0 native plugins for Editor in 0.00 ms.
Unloading 1447 Unused Serialized files (Serialized files now loaded: 0)
System memory in use before: 67.3 MB.
System memory in use after: 67.4 MB.

Unloading 13 unused Assets to reduce memory usage. Loaded Objects now: 1904.
Total: 8.966900 ms (FindLiveObjects: 0.391500 ms CreateObjectMapping: 0.152300 ms MarkObjects: 8.348800 ms  DeleteObjects: 0.069800 ms)

AssetImportParameters requested are different than current active one (requested -> active):
  custom:framework-win-MediaFoundation: 216162199b28c13a410421893ffa2e32 -> 
  custom:video-decoder-ogg-theora: a1e56fd34408186e4bbccfd4996cb3dc -> 
  custom:container-muxer-webm: aa71ff27fc2769a1b78a27578f13a17b -> 
  custom:container-demuxer-webm: 4f35f7cbe854078d1ac9338744f61a02 -> 
  custom:container-demuxer-ogg: 62fdf1f143b41e24485cea50d1cbac27 -> 
  custom:video-encoder-webm-vp8: eb34c28f22e8b96e1ab97ce403110664 -> 
  custom:video-decoder-webm-vp8: 9c59270c3fd7afecdb556c50c9e8de78 -> 
  custom:audio-decoder-ogg-vorbis: bf7c407c2cedff20999df2af8eb42d56 -> 
  custom:audio-encoder-webm-vorbis: bf7c407c2cedff20999df2af8eb42d56 -> 
========================================================================
Received Import Request.
  Time since last request: 72.392325 seconds.
  path: Assets/MapGeneratorOriginal 2.blend
  artifactKey: Guid(f0a0fe39246c7704086ce9a77faaf0c2) Importer(815301076,1909f56bfc062723c751e8b465ee728b)
Start importing Assets/MapGeneratorOriginal 2.blend using Guid(f0a0fe39246c7704086ce9a77faaf0c2) Importer(815301076,1909f56bfc062723c751e8b465ee728b)  -> (artifact id: '9b15f0344d1bfa0cbffd030778324118') in 0.475740 seconds 
  Import took 0.483298 seconds .

========================================================================
Received Import Request.
  Time since last request: 0.000509 seconds.
  path: Assets/Sun.mat
  artifactKey: Guid(00746f437968fa841bbc2d7ab6445bdb) Importer(815301076,1909f56bfc062723c751e8b465ee728b)
Start importing Assets/Sun.mat using Guid(00746f437968fa841bbc2d7ab6445bdb) Importer(815301076,1909f56bfc062723c751e8b465ee728b)  -> (artifact id: '2eea042d66931454bd09ac61a6a0e4b5') in 0.138278 seconds 
  Import took 0.143824 seconds .

========================================================================
Received Import Request.
  Time since last request: 0.000481 seconds.
  path: Assets/MidGreen.png
  artifactKey: Guid(66a89b121abae5741ad36db0d63470a4) Importer(815301076,1909f56bfc062723c751e8b465ee728b)
Start importing Assets/MidGreen.png using Guid(66a89b121abae5741ad36db0d63470a4) Importer(815301076,1909f56bfc062723c751e8b465ee728b)  -> (artifact id: 'f299178c6cd3e7664ae678aa6a7037cf') in 0.146030 seconds 
  Import took 0.154331 seconds .

========================================================================
Received Import Request.
  Time since last request: 0.000579 seconds.
  path: Assets/MapGeneratorOriginal.blend
  artifactKey: Guid(7502e623028a71e47878ac5511886fdd) Importer(815301076,1909f56bfc062723c751e8b465ee728b)
Start importing Assets/MapGeneratorOriginal.blend using Guid(7502e623028a71e47878ac5511886fdd) Importer(815301076,1909f56bfc062723c751e8b465ee728b)  -> (artifact id: '8a1c931acbc4fd75dbc8ffdd4bd960e1') in 0.073595 seconds 
  Import took 0.083500 seconds .

========================================================================
Received Import Request.
  Time since last request: 0.000727 seconds.
  path: Assets/WhiteMap.mat
  artifactKey: Guid(8d708fd246157874397d37ebb00aaa7a) Importer(815301076,1909f56bfc062723c751e8b465ee728b)
Start importing Assets/WhiteMap.mat using Guid(8d708fd246157874397d37ebb00aaa7a) Importer(815301076,1909f56bfc062723c751e8b465ee728b)  -> (artifact id: '5b736e05256eee6e3ab6cc63d2a3e33e') in 0.055774 seconds 
  Import took 0.065019 seconds .

========================================================================
Received Import Request.
  Time since last request: 0.000659 seconds.
  path: Assets/Sun_Cheap.blend
  artifactKey: Guid(7938d00514800594ebfd7d4826f70353) Importer(815301076,1909f56bfc062723c751e8b465ee728b)
Start importing Assets/Sun_Cheap.blend using Guid(7938d00514800594ebfd7d4826f70353) Importer(815301076,1909f56bfc062723c751e8b465ee728b)  -> (artifact id: 'c0426a4e6042ba1dd18bf0285e1d1c81') in 0.076723 seconds 
  Import took 0.084674 seconds .

========================================================================
Received Import Request.
  Time since last request: 0.000597 seconds.
  path: Assets/NearRed.png
  artifactKey: Guid(1b63be2bb2a181a47b667d6353a43ff6) Importer(815301076,1909f56bfc062723c751e8b465ee728b)
Start importing Assets/NearRed.png using Guid(1b63be2bb2a181a47b667d6353a43ff6) Importer(815301076,1909f56bfc062723c751e8b465ee728b)  -> (artifact id: '24f5d6ab5cca47178500b042a4b4d060') in 0.044115 seconds 
  Import took 0.055332 seconds .

========================================================================
Received Import Request.
  Time since last request: 0.000703 seconds.
  path: Assets/Sun.png
  artifactKey: Guid(4bb231ffc646bf540a34d9bcc4917614) Importer(815301076,1909f56bfc062723c751e8b465ee728b)
Start importing Assets/Sun.png using Guid(4bb231ffc646bf540a34d9bcc4917614) Importer(815301076,1909f56bfc062723c751e8b465ee728b)  -> (artifact id: '93550f59e73db178062ba3f2534e6e2d') in 0.034752 seconds 
  Import took 0.044467 seconds .

========================================================================
Received Import Request.
  Time since last request: 0.000628 seconds.
  path: Assets/GreenMap.mat
  artifactKey: Guid(dee85f366d2521d43a80037161111f90) Importer(815301076,1909f56bfc062723c751e8b465ee728b)
Start importing Assets/GreenMap.mat using Guid(dee85f366d2521d43a80037161111f90) Importer(815301076,1909f56bfc062723c751e8b465ee728b)  -> (artifact id: '9618362e7a2b0248caccee97090061ed') in 0.045882 seconds 
  Import took 0.054124 seconds .

========================================================================
Received Import Request.
  Time since last request: 0.000443 seconds.
  path: Assets/MapSideUI.png
  artifactKey: Guid(2ac62798323b3774fbbe529af99af9a1) Importer(815301076,1909f56bfc062723c751e8b465ee728b)
Start importing Assets/MapSideUI.png using Guid(2ac62798323b3774fbbe529af99af9a1) Importer(815301076,1909f56bfc062723c751e8b465ee728b)  -> (artifact id: 'e8055d143a5f65a66847dad8afdd16f6') in 0.057451 seconds 
  Import took 0.064073 seconds .

========================================================================
Received Import Request.
  Time since last request: 0.000554 seconds.
  path: Assets/FarWhite.png
  artifactKey: Guid(268268a8aab71f7489eb0df315c70b9a) Importer(815301076,1909f56bfc062723c751e8b465ee728b)
Start importing Assets/FarWhite.png using Guid(268268a8aab71f7489eb0df315c70b9a) Importer(815301076,1909f56bfc062723c751e8b465ee728b)  -> (artifact id: '195c4fdc94ef35ae618ba006cef5f030') in 0.027192 seconds 
  Import took 0.034910 seconds .

========================================================================
Received Import Request.
  Time since last request: 0.000389 seconds.
  path: Assets/RedMap.mat
  artifactKey: Guid(9e89d5f10e25edb4da0e949512365a20) Importer(815301076,1909f56bfc062723c751e8b465ee728b)
Start importing Assets/RedMap.mat using Guid(9e89d5f10e25edb4da0e949512365a20) Importer(815301076,1909f56bfc062723c751e8b465ee728b)  -> (artifact id: '0b9f2ea048982602bfc057aec002caac') in 0.043068 seconds 
  Import took 0.051351 seconds .

========================================================================
Received Import Request.
  Time since last request: 0.000521 seconds.
  path: Assets/MapGeneratorOriginal 1.blend
  artifactKey: Guid(05a520f7e482e004481f9357a0e0582c) Importer(815301076,1909f56bfc062723c751e8b465ee728b)
Start importing Assets/MapGeneratorOriginal 1.blend using Guid(05a520f7e482e004481f9357a0e0582c) Importer(815301076,1909f56bfc062723c751e8b465ee728b)  -> (artifact id: 'c98b2f6e73dc446f188f15fadaaaeaa5') in 0.061061 seconds 
  Import took 0.070697 seconds .

========================================================================
Received Import Request.
  Time since last request: 0.000498 seconds.
  path: Assets/SpeedChange.png
  artifactKey: Guid(dc594e1ee9c6835479581a6233157d6e) Importer(815301076,1909f56bfc062723c751e8b465ee728b)
Start importing Assets/SpeedChange.png using Guid(dc594e1ee9c6835479581a6233157d6e) Importer(815301076,1909f56bfc062723c751e8b465ee728b)  -> (artifact id: '66a2711df4f16a44e2bf5274b9d62658') in 0.025902 seconds 
  Import took 0.032785 seconds .

========================================================================
Received Import Request.
  Time since last request: 28.738229 seconds.
  path: Assets/Scripts/Speedclass.cs
  artifactKey: Guid(561815c000f516a49aa4c5bdb416720d) Importer(815301076,1909f56bfc062723c751e8b465ee728b)
Start importing Assets/Scripts/Speedclass.cs using Guid(561815c000f516a49aa4c5bdb416720d) Importer(815301076,1909f56bfc062723c751e8b465ee728b)  -> (artifact id: '5287fe67f7c79af8b895b848321b41e7') in 0.014856 seconds 
  Import took 0.026977 seconds .

========================================================================
Received Import Request.
  Time since last request: 0.035521 seconds.
  path: Assets/Scripts/Speedclass.cs
  artifactKey: Guid(561815c000f516a49aa4c5bdb416720d) Importer(815301076,1909f56bfc062723c751e8b465ee728b)
Start importing Assets/Scripts/Speedclass.cs using Guid(561815c000f516a49aa4c5bdb416720d) Importer(815301076,1909f56bfc062723c751e8b465ee728b)  -> (artifact id: '5287fe67f7c79af8b895b848321b41e7') in 0.004107 seconds 
  Import took 0.010021 seconds .

========================================================================
Received Import Request.
  Time since last request: 0.845844 seconds.
  path: Assets/Scripts/PlanetOrbit.cs
  artifactKey: Guid(17148690c8a11fd41b77b31c729df67e) Importer(815301076,1909f56bfc062723c751e8b465ee728b)
Start importing Assets/Scripts/PlanetOrbit.cs using Guid(17148690c8a11fd41b77b31c729df67e) Importer(815301076,1909f56bfc062723c751e8b465ee728b)  -> (artifact id: 'afc09120b0ee549a3809662cebcaecbe') in 0.009268 seconds 
  Import took 0.020982 seconds .

========================================================================
Received Import Request.
  Time since last request: 0.005178 seconds.
  path: Assets/Scripts/PlanetOrbit.cs
  artifactKey: Guid(17148690c8a11fd41b77b31c729df67e) Importer(815301076,1909f56bfc062723c751e8b465ee728b)
Start importing Assets/Scripts/PlanetOrbit.cs using Guid(17148690c8a11fd41b77b31c729df67e) Importer(815301076,1909f56bfc062723c751e8b465ee728b)  -> (artifact id: 'afc09120b0ee549a3809662cebcaecbe') in 0.009827 seconds 
  Import took 0.021215 seconds .

========================================================================
Received Prepare
Registering precompiled user dll's ...
Registered in 0.005835 seconds.
Begin MonoManager ReloadAssembly
Native extension for WindowsStandalone target not found
Native extension for WebGL target not found
Refreshing native plugins compatible for Editor in 1.00 ms, found 2 plugins.
Preloading 0 native plugins for Editor in 0.00 ms.
Mono: successfully reloaded assembly
- Completed reload, in  3.793 seconds
Domain Reload Profiling:
	ReloadAssembly (3794ms)
		BeginReloadAssembly (292ms)
			ExecutionOrderSort (0ms)
			DisableScriptedObjects (13ms)
			BackupInstance (0ms)
			ReleaseScriptingObjects (0ms)
			CreateAndSetChildDomain (80ms)
		EndReloadAssembly (3278ms)
			LoadAssemblies (270ms)
			RebuildTransferFunctionScriptingTraits (0ms)
			SetupTypeCache (1053ms)
			ReleaseScriptCaches (2ms)
			RebuildScriptCaches (104ms)
			SetupLoadedEditorAssemblies (1545ms)
				LogAssemblyErrors (0ms)
				InitializePlatformSupportModulesInManaged (26ms)
				SetLoadedEditorAssemblies (2ms)
				RefreshPlugins (1ms)
				BeforeProcessingInitializeOnLoad (310ms)
				ProcessInitializeOnLoadAttributes (1176ms)
				ProcessInitializeOnLoadMethodAttributes (10ms)
				AfterProcessingInitializeOnLoad (19ms)
				EditorAssembliesLoaded (1ms)
			ExecutionOrderSort2 (0ms)
			AwakeInstancesAfterBackupRestoration (19ms)
Platform modules already initialized, skipping
Refreshing native plugins compatible for Editor in 1.06 ms, found 2 plugins.
Preloading 0 native plugins for Editor in 0.00 ms.
Unloading 1447 Unused Serialized files (Serialized files now loaded: 0)
System memory in use before: 70.9 MB.
System memory in use after: 71.0 MB.

Unloading 13 unused Assets to reduce memory usage. Loaded Objects now: 1953.
Total: 13.770500 ms (FindLiveObjects: 0.481400 ms CreateObjectMapping: 0.202700 ms MarkObjects: 12.995800 ms  DeleteObjects: 0.085100 ms)

AssetImportParameters requested are different than current active one (requested -> active):
  custom:framework-win-MediaFoundation: 216162199b28c13a410421893ffa2e32 -> 
  custom:video-decoder-ogg-theora: a1e56fd34408186e4bbccfd4996cb3dc -> 
  custom:container-muxer-webm: aa71ff27fc2769a1b78a27578f13a17b -> 
  custom:container-demuxer-webm: 4f35f7cbe854078d1ac9338744f61a02 -> 
  custom:container-demuxer-ogg: 62fdf1f143b41e24485cea50d1cbac27 -> 
  custom:video-encoder-webm-vp8: eb34c28f22e8b96e1ab97ce403110664 -> 
  custom:video-decoder-webm-vp8: 9c59270c3fd7afecdb556c50c9e8de78 -> 
  custom:audio-decoder-ogg-vorbis: bf7c407c2cedff20999df2af8eb42d56 -> 
  custom:audio-encoder-webm-vorbis: bf7c407c2cedff20999df2af8eb42d56 -> 
========================================================================
Received Import Request.
  Time since last request: 40.773491 seconds.
  path: Assets/My_Scripts
  artifactKey: Guid(1f7a71b15ddfc864cbc0095622e3c991) Importer(815301076,1909f56bfc062723c751e8b465ee728b)
Start importing Assets/My_Scripts using Guid(1f7a71b15ddfc864cbc0095622e3c991) Importer(815301076,1909f56bfc062723c751e8b465ee728b)  -> (artifact id: 'be8d970f5300de217bd4ede7ee25df48') in 0.049828 seconds 
  Import took 0.067230 seconds .

========================================================================
Received Import Request.
  Time since last request: 0.032466 seconds.
  path: Assets/My_Scripts
  artifactKey: Guid(1f7a71b15ddfc864cbc0095622e3c991) Importer(815301076,1909f56bfc062723c751e8b465ee728b)
Start importing Assets/My_Scripts using Guid(1f7a71b15ddfc864cbc0095622e3c991) Importer(815301076,1909f56bfc062723c751e8b465ee728b)  -> (artifact id: 'be8d970f5300de217bd4ede7ee25df48') in 0.006098 seconds 
  Import took 0.013634 seconds .

========================================================================
Received Import Request.
  Time since last request: 4.245383 seconds.
  path: Assets/My_Scenes/SampleScene.unity
  artifactKey: Guid(9fc0d4010bbf28b4594072e72b8655ab) Importer(815301076,1909f56bfc062723c751e8b465ee728b)
Start importing Assets/My_Scenes/SampleScene.unity using Guid(9fc0d4010bbf28b4594072e72b8655ab) Importer(815301076,1909f56bfc062723c751e8b465ee728b)  -> (artifact id: 'fa0e4106baef3bcabf49bd9b9273dfba') in 0.035386 seconds 
  Import took 0.046620 seconds .

========================================================================
Received Prepare
Registering precompiled user dll's ...
Registered in 0.010684 seconds.
Begin MonoManager ReloadAssembly
Native extension for WindowsStandalone target not found
Native extension for WebGL target not found
Refreshing native plugins compatible for Editor in 1.33 ms, found 2 plugins.
Preloading 0 native plugins for Editor in 0.00 ms.
Mono: successfully reloaded assembly
- Completed reload, in  3.885 seconds
Domain Reload Profiling:
	ReloadAssembly (3886ms)
		BeginReloadAssembly (476ms)
			ExecutionOrderSort (0ms)
			DisableScriptedObjects (23ms)
			BackupInstance (0ms)
			ReleaseScriptingObjects (0ms)
			CreateAndSetChildDomain (137ms)
		EndReloadAssembly (3112ms)
			LoadAssemblies (404ms)
			RebuildTransferFunctionScriptingTraits (0ms)
			SetupTypeCache (1120ms)
			ReleaseScriptCaches (1ms)
			RebuildScriptCaches (99ms)
			SetupLoadedEditorAssemblies (1237ms)
				LogAssemblyErrors (0ms)
				InitializePlatformSupportModulesInManaged (29ms)
				SetLoadedEditorAssemblies (2ms)
				RefreshPlugins (2ms)
				BeforeProcessingInitializeOnLoad (226ms)
				ProcessInitializeOnLoadAttributes (948ms)
				ProcessInitializeOnLoadMethodAttributes (10ms)
				AfterProcessingInitializeOnLoad (20ms)
				EditorAssembliesLoaded (1ms)
			ExecutionOrderSort2 (0ms)
			AwakeInstancesAfterBackupRestoration (26ms)
Platform modules already initialized, skipping
Refreshing native plugins compatible for Editor in 1.24 ms, found 2 plugins.
Preloading 0 native plugins for Editor in 0.00 ms.
Unloading 1447 Unused Serialized files (Serialized files now loaded: 0)
System memory in use before: 70.9 MB.
System memory in use after: 71.0 MB.

Unloading 13 unused Assets to reduce memory usage. Loaded Objects now: 1955.
Total: 10.456600 ms (FindLiveObjects: 0.632500 ms CreateObjectMapping: 0.271200 ms MarkObjects: 9.485500 ms  DeleteObjects: 0.061800 ms)

AssetImportParameters requested are different than current active one (requested -> active):
  custom:framework-win-MediaFoundation: 216162199b28c13a410421893ffa2e32 -> 
  custom:video-decoder-ogg-theora: a1e56fd34408186e4bbccfd4996cb3dc -> 
  custom:container-muxer-webm: aa71ff27fc2769a1b78a27578f13a17b -> 
  custom:container-demuxer-webm: 4f35f7cbe854078d1ac9338744f61a02 -> 
  custom:container-demuxer-ogg: 62fdf1f143b41e24485cea50d1cbac27 -> 
  custom:video-encoder-webm-vp8: eb34c28f22e8b96e1ab97ce403110664 -> 
  custom:video-decoder-webm-vp8: 9c59270c3fd7afecdb556c50c9e8de78 -> 
  custom:audio-decoder-ogg-vorbis: bf7c407c2cedff20999df2af8eb42d56 -> 
  custom:audio-encoder-webm-vorbis: bf7c407c2cedff20999df2af8eb42d56 -> 
========================================================================
Received Prepare
Registering precompiled user dll's ...
Registered in 0.013768 seconds.
Begin MonoManager ReloadAssembly
Native extension for WindowsStandalone target not found
Native extension for WebGL target not found
Refreshing native plugins compatible for Editor in 0.68 ms, found 2 plugins.
Preloading 0 native plugins for Editor in 0.00 ms.
Mono: successfully reloaded assembly
- Completed reload, in  3.495 seconds
Domain Reload Profiling:
	ReloadAssembly (3496ms)
		BeginReloadAssembly (353ms)
			ExecutionOrderSort (0ms)
			DisableScriptedObjects (11ms)
			BackupInstance (0ms)
			ReleaseScriptingObjects (0ms)
			CreateAndSetChildDomain (99ms)
		EndReloadAssembly (2807ms)
			LoadAssemblies (351ms)
			RebuildTransferFunctionScriptingTraits (0ms)
			SetupTypeCache (736ms)
			ReleaseScriptCaches (1ms)
			RebuildScriptCaches (93ms)
			SetupLoadedEditorAssemblies (1437ms)
				LogAssemblyErrors (0ms)
				InitializePlatformSupportModulesInManaged (15ms)
				SetLoadedEditorAssemblies (1ms)
				RefreshPlugins (1ms)
				BeforeProcessingInitializeOnLoad (246ms)
				ProcessInitializeOnLoadAttributes (1146ms)
				ProcessInitializeOnLoadMethodAttributes (12ms)
				AfterProcessingInitializeOnLoad (16ms)
				EditorAssembliesLoaded (1ms)
			ExecutionOrderSort2 (0ms)
			AwakeInstancesAfterBackupRestoration (18ms)
Platform modules already initialized, skipping
Refreshing native plugins compatible for Editor in 0.69 ms, found 2 plugins.
Preloading 0 native plugins for Editor in 0.00 ms.
Unloading 1447 Unused Serialized files (Serialized files now loaded: 0)
System memory in use before: 70.9 MB.
System memory in use after: 71.0 MB.

Unloading 13 unused Assets to reduce memory usage. Loaded Objects now: 1957.
Total: 7.474400 ms (FindLiveObjects: 0.331400 ms CreateObjectMapping: 0.105000 ms MarkObjects: 6.994200 ms  DeleteObjects: 0.041300 ms)

AssetImportParameters requested are different than current active one (requested -> active):
  custom:framework-win-MediaFoundation: 216162199b28c13a410421893ffa2e32 -> 
  custom:video-decoder-ogg-theora: a1e56fd34408186e4bbccfd4996cb3dc -> 
  custom:container-muxer-webm: aa71ff27fc2769a1b78a27578f13a17b -> 
  custom:container-demuxer-webm: 4f35f7cbe854078d1ac9338744f61a02 -> 
  custom:container-demuxer-ogg: 62fdf1f143b41e24485cea50d1cbac27 -> 
  custom:video-encoder-webm-vp8: eb34c28f22e8b96e1ab97ce403110664 -> 
  custom:video-decoder-webm-vp8: 9c59270c3fd7afecdb556c50c9e8de78 -> 
  custom:audio-decoder-ogg-vorbis: bf7c407c2cedff20999df2af8eb42d56 -> 
  custom:audio-encoder-webm-vorbis: bf7c407c2cedff20999df2af8eb42d56 -> 
